<?xml version="1.0" encoding="UTF-8"?>
<!-- Generated by org.testng.reporters.JUnitReportReporter -->
<testsuite skipped="0" hostname="LAPTOP-5UH6HAH1" name="wells.restApiProj.RestApiClass" tests="1" failures="0" timestamp="29 Feb 2020 15:24:41 GMT" time="0.122" errors="0">
  <testcase name="f" time="0.122" classname="wells.restApiProj.RestApiClass"/>
</testsuite> <!-- wells.restApiProj.RestApiClass -->
